<?xml version="1.0" encoding="UTF-8"?>
<!-- Generated by org.testng.reporters.JUnitReportReporter -->
<testsuite skipped="0" hostname="DESKTOP-GV9UEPS" name="runner.TestRunner" tests="4" failures="0" timestamp="2022-05-27T00:40:35 IST" time="41.572" errors="1">
  <testcase name="runScenario" time="19.736" classname="runner.TestRunner"/>
  <system-out/>
  <testcase name="runScenario" time="0.053" classname="runner.TestRunner">
    <error type="cucumber.runner.AmbiguousStepDefinitionsException" message="&quot;Enter the username as &quot;admin&quot;&quot; matches more than one step definition:
  &quot;Enter the username as {string}&quot; in Test_vTigerLoginPage.Enter_the_username_as(String)
  &quot;^Enter the username as (.+)$&quot; in Test_vTigerLoginPage.Enter_the_username(String)
">
      <![CDATA[cucumber.runner.AmbiguousStepDefinitionsException: "Enter the username as "admin"" matches more than one step definition:
  "Enter the username as {string}" in Test_vTigerLoginPage.Enter_the_username_as(String)
  "^Enter the username as (.+)$" in Test_vTigerLoginPage.Enter_the_username(String)

at cucumber.runner.Glue.stepDefinitionMatch(Glue.java:87)
at cucumber.runner.Runner.addTestStepsForPickleSteps(Runner.java:64)
at cucumber.runner.Runner.createTestCaseForPickle(Runner.java:54)
at cucumber.runner.Runner.runPickle(Runner.java:39)
at cucumber.api.testng.TestNGCucumberRunner.runScenario(TestNGCucumberRunner.java:68)
at cucumber.api.testng.AbstractTestNGCucumberTests.runScenario(AbstractTestNGCucumberTests.java:22)
at sun.reflect.NativeMethodAccessorImpl.invoke0(Native Method)
at sun.reflect.NativeMethodAccessorImpl.invoke(NativeMethodAccessorImpl.java:62)
at sun.reflect.DelegatingMethodAccessorImpl.invoke(DelegatingMethodAccessorImpl.java:43)
at java.lang.reflect.Method.invoke(Method.java:498)
at org.testng.internal.MethodInvocationHelper.invokeMethod(MethodInvocationHelper.java:133)
at org.testng.internal.TestInvoker.invokeMethod(TestInvoker.java:598)
at org.testng.internal.TestInvoker.invokeTestMethod(TestInvoker.java:173)
at org.testng.internal.MethodRunner.runInSequence(MethodRunner.java:46)
at org.testng.internal.TestInvoker$MethodInvocationAgent.invoke(TestInvoker.java:824)
at org.testng.internal.TestInvoker.invokeTestMethods(TestInvoker.java:146)
at org.testng.internal.TestMethodWorker.invokeTestMethods(TestMethodWorker.java:146)
at org.testng.internal.TestMethodWorker.run(TestMethodWorker.java:128)
at java.util.ArrayList.forEach(ArrayList.java:1257)
at org.testng.TestRunner.privateRun(TestRunner.java:794)
at org.testng.TestRunner.run(TestRunner.java:596)
at org.testng.SuiteRunner.runTest(SuiteRunner.java:377)
at org.testng.SuiteRunner.runSequentially(SuiteRunner.java:371)
at org.testng.SuiteRunner.privateRun(SuiteRunner.java:332)
at org.testng.SuiteRunner.run(SuiteRunner.java:276)
at org.testng.SuiteRunnerWorker.runSuite(SuiteRunnerWorker.java:53)
at org.testng.SuiteRunnerWorker.run(SuiteRunnerWorker.java:96)
at org.testng.TestNG.runSuitesSequentially(TestNG.java:1212)
at org.testng.TestNG.runSuitesLocally(TestNG.java:1134)
at org.testng.TestNG.runSuites(TestNG.java:1063)
at org.testng.TestNG.run(TestNG.java:1031)
at org.testng.remote.AbstractRemoteTestNG.run(AbstractRemoteTestNG.java:115)
at org.testng.remote.RemoteTestNG.initAndRun(RemoteTestNG.java:251)
at org.testng.remote.RemoteTestNG.main(RemoteTestNG.java:77)
]]>
    </error>
  </testcase> <!-- runScenario -->
  <system-out/>
  <testcase name="runScenario" time="10.895" classname="runner.TestRunner"/>
  <system-out/>
  <testcase name="runScenario" time="10.888" classname="runner.TestRunner"/>
  <system-out/>
</testsuite> <!-- runner.TestRunner -->
