<html>
<head>
<title>TestNG:  testing testNG</title>
<link href="../testng.css" rel="stylesheet" type="text/css" />
<link href="../my-testng.css" rel="stylesheet" type="text/css" />

<style type="text/css">
.log { display: none;} 
.stack-trace { display: none;} 
</style>
<script type="text/javascript">
<!--
function flip(e) {
  current = e.style.display;
  if (current == 'block') {
    e.style.display = 'none';
    return 0;
  }
  else {
    e.style.display = 'block';
    return 1;
  }
}

function toggleBox(szDivId, elem, msg1, msg2)
{
  var res = -1;  if (document.getElementById) {
    res = flip(document.getElementById(szDivId));
  }
  else if (document.all) {
    // this is the way old msie versions work
    res = flip(document.all[szDivId]);
  }
  if(elem) {
    if(res == 0) elem.innerHTML = msg1; else elem.innerHTML = msg2;
  }

}

function toggleAllBoxes() {
  if (document.getElementsByTagName) {
    d = document.getElementsByTagName('div');
    for (i = 0; i < d.length; i++) {
      if (d[i].className == 'log') {
        flip(d[i]);
      }
    }
  }
}

// -->
</script>

</head>
<body>
<h2 align='center'>testing testNG</h2><table border='1' align="center">
<tr>
<td>Tests passed/Failed/Skipped:</td><td>16/0/0</td>
</tr><tr>
<td>Started on:</td><td>Tue May 31 15:15:51 IST 2022</td>
</tr>
<tr><td>Total time:</td><td>54 seconds (54328 ms)</td>
</tr><tr>
<td>Included groups:</td><td></td>
</tr><tr>
<td>Excluded groups:</td><td></td>
</tr>
</table><p/>
<small><i>(Hover the method name to see the test class name)</i></small><p/>
<table width='100%' border='1' class='invocation-passed'>
<tr><td colspan='4' align='center'><b>PASSED TESTS</b></td></tr>
<tr><td><b>Test method</b></td>
<td width="30%"><b>Exception</b></td>
<td width="10%"><b>Time (seconds)</b></td>
<td><b>Instance</b></td>
</tr>
<tr>
<td title='testNG.NewTest03.ab()'><b>ab</b><br>Test class: testNG.NewTest03</td>
<td></td>
<td>0</td>
<td>testNG.NewTest03@176d53b2</td></tr>
<tr>
<td title='testNG.NewTest03.abc()'><b>abc</b><br>Test class: testNG.NewTest03</td>
<td></td>
<td>2</td>
<td>testNG.NewTest03@176d53b2</td></tr>
<tr>
<td title='testNG.ActiTimeV.actiTimeValidation()'><b>actiTimeValidation</b><br>Test class: testNG.ActiTimeV</td>
<td></td>
<td>16</td>
<td>testNG.ActiTimeV@51931956</td></tr>
<tr>
<td title='testNG.Para04.checkNotification()'><b>checkNotification</b><br>Test class: testNG.Para04</td>
<td></td>
<td>0</td>
<td>testNG.Para04@2b4a2ec7</td></tr>
<tr>
<td title='testNG.Para05.checkNotification()'><b>checkNotification</b><br>Test class: testNG.Para05</td>
<td></td>
<td>0</td>
<td>testNG.Para05@51b7e5df</td></tr>
<tr>
<td title='testNG.Para06.login()'><b>login</b><br>Test class: testNG.Para06<br>Test method: Checking login functionality of Actitime application</td>
<td></td>
<td>0</td>
<td>testNG.Para06@62e136d3</td></tr>
<tr>
<td title='testNG.ActiTimeLogin.login()'><b>login</b><br>Test class: testNG.ActiTimeLogin</td>
<td></td>
<td>29</td>
<td>testNG.ActiTimeLogin@c8e4bb0</td></tr>
<tr>
<td title='testNG.Para04.login()'><b>login</b><br>Test class: testNG.Para04</td>
<td></td>
<td>0</td>
<td>testNG.Para04@2b4a2ec7</td></tr>
<tr>
<td title='testNG.Para05.login()'><b>login</b><br>Test class: testNG.Para05</td>
<td></td>
<td>0</td>
<td>testNG.Para05@51b7e5df</td></tr>
<tr>
<td title='testNG.NewTest01.ram()'><b>ram</b><br>Test class: testNG.NewTest01</td>
<td></td>
<td>0</td>
<td>testNG.NewTest01@1b68b9a4</td></tr>
<tr>
<td title='testNG.Para04.signIn()'><b>signIn</b><br>Test class: testNG.Para04</td>
<td><div><pre>java.lang.ArithmeticException: / by zero
	at testNG.Para04.signIn(Para04.java:24)
... Removed 33 stack frames</pre></div><a href='#' onClick='toggleBox("stack-trace1059524106", this, "Click to show all stack frames", "Click to hide stack frames")'>Click to show all stack frames</a>
<div class='stack-trace' id='stack-trace1059524106'><pre>java.lang.ArithmeticException: / by zero
	at testNG.Para04.signIn(Para04.java:24)
	at sun.reflect.NativeMethodAccessorImpl.invoke0(Native Method)
	at sun.reflect.NativeMethodAccessorImpl.invoke(NativeMethodAccessorImpl.java:62)
	at sun.reflect.DelegatingMethodAccessorImpl.invoke(DelegatingMethodAccessorImpl.java:43)
	at java.lang.reflect.Method.invoke(Method.java:498)
	at org.testng.internal.MethodInvocationHelper.invokeMethod(MethodInvocationHelper.java:85)
	at org.testng.internal.Invoker.invokeMethod(Invoker.java:639)
	at org.testng.internal.Invoker.invokeTestMethod(Invoker.java:816)
	at org.testng.internal.Invoker.invokeTestMethods(Invoker.java:1124)
	at org.testng.internal.TestMethodWorker.invokeTestMethods(TestMethodWorker.java:125)
	at org.testng.internal.TestMethodWorker.run(TestMethodWorker.java:108)
	at org.testng.TestRunner.privateRun(TestRunner.java:774)
	at org.testng.TestRunner.run(TestRunner.java:624)
	at org.testng.SuiteRunner.runTest(SuiteRunner.java:359)
	at org.testng.SuiteRunner.runSequentially(SuiteRunner.java:354)
	at org.testng.SuiteRunner.privateRun(SuiteRunner.java:312)
	at org.testng.SuiteRunner.run(SuiteRunner.java:261)
	at org.testng.SuiteRunnerWorker.runSuite(SuiteRunnerWorker.java:52)
	at org.testng.SuiteRunnerWorker.run(SuiteRunnerWorker.java:86)
	at org.testng.TestNG.runSuitesSequentially(TestNG.java:1215)
	at org.testng.TestNG.runSuitesLocally(TestNG.java:1140)
	at org.testng.TestNG.run(TestNG.java:1048)
	at org.apache.maven.surefire.testng.TestNGExecutor.run(TestNGExecutor.java:178)
	at org.apache.maven.surefire.testng.TestNGXmlTestSuite.execute(TestNGXmlTestSuite.java:92)
	at org.apache.maven.surefire.testng.TestNGProvider.invoke(TestNGProvider.java:96)
	at sun.reflect.NativeMethodAccessorImpl.invoke0(Native Method)
	at sun.reflect.NativeMethodAccessorImpl.invoke(NativeMethodAccessorImpl.java:62)
	at sun.reflect.DelegatingMethodAccessorImpl.invoke(DelegatingMethodAccessorImpl.java:43)
	at java.lang.reflect.Method.invoke(Method.java:498)
	at org.apache.maven.surefire.util.ReflectionUtils.invokeMethodWithArray(ReflectionUtils.java:189)
	at org.apache.maven.surefire.booter.ProviderFactory$ProviderProxy.invoke(ProviderFactory.java:165)
	at org.apache.maven.surefire.booter.ProviderFactory.invokeProvider(ProviderFactory.java:85)
	at org.apache.maven.surefire.booter.ForkedBooter.runSuitesInProcess(ForkedBooter.java:115)
	at org.apache.maven.surefire.booter.ForkedBooter.main(ForkedBooter.java:75)
</pre></div></td>
<td>0</td>
<td>testNG.Para04@2b4a2ec7</td></tr>
<tr>
<td title='testNG.Para05.signIn()'><b>signIn</b><br>Test class: testNG.Para05</td>
<td><div><pre>java.lang.ArithmeticException: / by zero
	at testNG.Para05.signIn(Para05.java:24)
... Removed 33 stack frames</pre></div><a href='#' onClick='toggleBox("stack-trace443942537", this, "Click to show all stack frames", "Click to hide stack frames")'>Click to show all stack frames</a>
<div class='stack-trace' id='stack-trace443942537'><pre>java.lang.ArithmeticException: / by zero
	at testNG.Para05.signIn(Para05.java:24)
	at sun.reflect.NativeMethodAccessorImpl.invoke0(Native Method)
	at sun.reflect.NativeMethodAccessorImpl.invoke(NativeMethodAccessorImpl.java:62)
	at sun.reflect.DelegatingMethodAccessorImpl.invoke(DelegatingMethodAccessorImpl.java:43)
	at java.lang.reflect.Method.invoke(Method.java:498)
	at org.testng.internal.MethodInvocationHelper.invokeMethod(MethodInvocationHelper.java:85)
	at org.testng.internal.Invoker.invokeMethod(Invoker.java:639)
	at org.testng.internal.Invoker.invokeTestMethod(Invoker.java:816)
	at org.testng.internal.Invoker.invokeTestMethods(Invoker.java:1124)
	at org.testng.internal.TestMethodWorker.invokeTestMethods(TestMethodWorker.java:125)
	at org.testng.internal.TestMethodWorker.run(TestMethodWorker.java:108)
	at org.testng.TestRunner.privateRun(TestRunner.java:774)
	at org.testng.TestRunner.run(TestRunner.java:624)
	at org.testng.SuiteRunner.runTest(SuiteRunner.java:359)
	at org.testng.SuiteRunner.runSequentially(SuiteRunner.java:354)
	at org.testng.SuiteRunner.privateRun(SuiteRunner.java:312)
	at org.testng.SuiteRunner.run(SuiteRunner.java:261)
	at org.testng.SuiteRunnerWorker.runSuite(SuiteRunnerWorker.java:52)
	at org.testng.SuiteRunnerWorker.run(SuiteRunnerWorker.java:86)
	at org.testng.TestNG.runSuitesSequentially(TestNG.java:1215)
	at org.testng.TestNG.runSuitesLocally(TestNG.java:1140)
	at org.testng.TestNG.run(TestNG.java:1048)
	at org.apache.maven.surefire.testng.TestNGExecutor.run(TestNGExecutor.java:178)
	at org.apache.maven.surefire.testng.TestNGXmlTestSuite.execute(TestNGXmlTestSuite.java:92)
	at org.apache.maven.surefire.testng.TestNGProvider.invoke(TestNGProvider.java:96)
	at sun.reflect.NativeMethodAccessorImpl.invoke0(Native Method)
	at sun.reflect.NativeMethodAccessorImpl.invoke(NativeMethodAccessorImpl.java:62)
	at sun.reflect.DelegatingMethodAccessorImpl.invoke(DelegatingMethodAccessorImpl.java:43)
	at java.lang.reflect.Method.invoke(Method.java:498)
	at org.apache.maven.surefire.util.ReflectionUtils.invokeMethodWithArray(ReflectionUtils.java:189)
	at org.apache.maven.surefire.booter.ProviderFactory$ProviderProxy.invoke(ProviderFactory.java:165)
	at org.apache.maven.surefire.booter.ProviderFactory.invokeProvider(ProviderFactory.java:85)
	at org.apache.maven.surefire.booter.ForkedBooter.runSuitesInProcess(ForkedBooter.java:115)
	at org.apache.maven.surefire.booter.ForkedBooter.main(ForkedBooter.java:75)
</pre></div></td>
<td>0</td>
<td>testNG.Para05@51b7e5df</td></tr>
<tr>
<td title='testNG.Para06.signin()'><b>signin</b><br>Test class: testNG.Para06</td>
<td></td>
<td>0</td>
<td>testNG.Para06@62e136d3</td></tr>
<tr>
<td title='testNG.NewTest04.tc7()'><b>tc7</b><br>Test class: testNG.NewTest04</td>
<td></td>
<td>0</td>
<td>testNG.NewTest04@971d0d8</td></tr>
<tr>
<td title='testNG.NewTest04.tc8()'><b>tc8</b><br>Test class: testNG.NewTest04</td>
<td></td>
<td>0</td>
<td>testNG.NewTest04@971d0d8</td></tr>
<tr>
<td title='testNG.NewTest02.test02()'><b>test02</b><br>Test class: testNG.NewTest02</td>
<td></td>
<td>5</td>
<td>testNG.NewTest02@491666ad</td></tr>
</table><p>
</body>
</html>